#
# There is insufficient memory for the Java Runtime Environment to continue.
# Native memory allocation (mmap) failed to map 132120576 bytes for Failed to commit area from 0x0000000083c00000 to 0x000000008ba00000 of length 132120576.
# Possible reasons:
#   The system is out of physical RAM or swap space
#   The process is running with CompressedOops enabled, and the Java Heap may be blocking the growth of the native heap
# Possible solutions:
#   Reduce memory load on the system
#   Increase physical memory or swap space
#   Check if swap backing store is full
#   Decrease Java heap size (-Xmx/-Xms)
#   Decrease number of Java threads
#   Decrease Java thread stack sizes (-Xss)
#   Set larger code cache with -XX:ReservedCodeCacheSize=
# This output file may be truncated or incomplete.
#
#  Out of Memory Error (./src/hotspot/os/windows/os_windows.cpp:3301), pid=14712, tid=14644
#
# JRE version:  (11.0.10) (build )
# Java VM: OpenJDK 64-Bit Server VM (11.0.10+0-b96-7249189, mixed mode, sharing, tiered, compressed oops, g1 gc, windows-amd64)
# No core dump will be written. Minidumps are not enabled by default on client versions of Windows
#

---------------  S U M M A R Y ------------

Command Line: 

Host: Intel(R) Core(TM) i5-10210U CPU @ 1.60GHz, 8 cores, 7G,  Windows 10 , 64 bit Build 19041 (10.0.19041.292)
Time: Thu Oct 28 11:34:21 2021 Arabian Standard Time elapsed time: 0.022421 seconds (0d 0h 0m 0s)

---------------  T H R E A D  ---------------

Current thread (0x000002a8527a2000):  JavaThread "Unknown thread" [_thread_in_vm, id=14644, stack(0x000000f523800000,0x000000f523900000)]

Stack: [0x000000f523800000,0x000000f523900000]
Native frames: (J=compiled Java code, j=interpreted, Vv=VM code, C=native code)
V  [jvm.dll+0x5ecfaa]
V  [jvm.dll+0x722bd5]
V  [jvm.dll+0x72412d]
V  [jvm.dll+0x7247e3]
V  [jvm.dll+0x242928]
V  [jvm.dll+0x5ea374]
V  [jvm.dll+0x5df425]
V  [jvm.dll+0x2fdebb]
V  [jvm.dll+0x2fde2a]
V  [jvm.dll+0x2fdd02]
V  [jvm.dll+0x302bf6]
V  [jvm.dll+0x34b2a3]
V  [jvm.dll+0x34b9a6]
V  [jvm.dll+0x34b3a3]
V  [jvm.dll+0x2d8888]
V  [jvm.dll+0x2d9a37]
V  [jvm.dll+0x701737]
V  [jvm.dll+0x702f2c]
V  [jvm.dll+0x3587d9]
V  [jvm.dll+0x6e4fae]
V  [jvm.dll+0x3c0be3]
V  [jvm.dll+0x3c2e91]
C  [jli.dll+0x5373]
C  [ucrtbase.dll+0x21542]
C  [KERNEL32.DLL+0x16fd4]
C  [ntdll.dll+0x4cec1]


---------------  P R O C E S S  ---------------

Threads class SMR info:
_java_thread_list=0x000002a8505a3180, length=0, elements={
}

Java Threads: ( => current thread )

Other Threads:
  0x000002a8527b8800 GCTaskThread "GC Thread#0" [stack: 0x000000f523900000,0x000000f523a00000] [id=7644]
  0x000002a8527e9800 ConcurrentGCThread "G1 Main Marker" [stack: 0x000000f523a00000,0x000000f523b00000] [id=18264]
  0x000002a8527eb000 ConcurrentGCThread "G1 Conc#0" [stack: 0x000000f523b00000,0x000000f523c00000] [id=4524]

[error occurred during error reporting (printing all threads), id 0xc0000005, EXCEPTION_ACCESS_VIOLATION (0xc0000005) at pc=0x00007ffb35109107]

VM state:not at safepoint (not fully initialized)

VM Mutex/Monitor currently owned by a thread:  ([mutex/lock_event])
[0x000002a85279e560] Heap_lock - owner thread: 0x000002a8527a2000

Heap address: 0x0000000083c00000, size: 1988 MB, Compressed Oops mode: Non-zero based: 0x0000000083c00000
Narrow klass base: 0x0000000000000000, Narrow klass shift: 0

GC Heap History (0 events):
No events

Deoptimization events (0 events):
No events

Classes redefined (0 events):
No events

Internal exceptions (0 events):
No events

Events (1 events):
Event: 0.014 Loaded shared library C:\Users\s583467\Downloads\android-studio-2020.3.1.25-windows\android-studio\jre\bin\zip.dll


Dynamic libraries:
0x00007ff60f600000 - 0x00007ff60f60a000 	C:\Users\s583467\Downloads\android-studio-2020.3.1.25-windows\android-studio\jre\bin\java.EXE
0x00007ffb9eeb0000 - 0x00007ffb9f0a4000 	C:\Windows\SYSTEM32\ntdll.dll
0x00007ffb9db20000 - 0x00007ffb9dbdd000 	C:\Windows\System32\KERNEL32.DLL
0x00007ffb9c7d0000 - 0x00007ffb9ca97000 	C:\Windows\System32\KERNELBASE.dll
0x00007ffb9cb50000 - 0x00007ffb9cc50000 	C:\Windows\System32\ucrtbase.dll
0x00007ffb91e20000 - 0x00007ffb91e37000 	C:\Users\s583467\Downloads\android-studio-2020.3.1.25-windows\android-studio\jre\bin\VCRUNTIME140.dll
0x00007ffb91e40000 - 0x00007ffb91e59000 	C:\Users\s583467\Downloads\android-studio-2020.3.1.25-windows\android-studio\jre\bin\jli.dll
0x00007ffb9eb40000 - 0x00007ffb9ece0000 	C:\Windows\System32\USER32.dll
0x00007ffb85340000 - 0x00007ffb855da000 	C:\Windows\WinSxS\amd64_microsoft.windows.common-controls_6595b64144ccf1df_6.0.19041.1_none_b555e41d4684ddec\COMCTL32.dll
0x00007ffb9c710000 - 0x00007ffb9c732000 	C:\Windows\System32\win32u.dll
0x00007ffb9dd70000 - 0x00007ffb9dd9a000 	C:\Windows\System32\GDI32.dll
0x00007ffb9dda0000 - 0x00007ffb9de3e000 	C:\Windows\System32\msvcrt.dll
0x00007ffb9c600000 - 0x00007ffb9c70a000 	C:\Windows\System32\gdi32full.dll
0x00007ffb9ce30000 - 0x00007ffb9cecd000 	C:\Windows\System32\msvcp_win.dll
0x00007ffb9cf20000 - 0x00007ffb9cf50000 	C:\Windows\System32\IMM32.DLL
0x000002a8506d0000 - 0x000002a8506e3000 	C:\Windows\System32\umppc14304.dll
0x00007ffb82fb0000 - 0x00007ffb8304d000 	C:\Users\s583467\Downloads\android-studio-2020.3.1.25-windows\android-studio\jre\bin\msvcp140.dll
0x00007ffb34e20000 - 0x00007ffb358ef000 	C:\Users\s583467\Downloads\android-studio-2020.3.1.25-windows\android-studio\jre\bin\server\jvm.dll
0x00007ffb9ece0000 - 0x00007ffb9ed8a000 	C:\Windows\System32\ADVAPI32.dll
0x00007ffb9cf50000 - 0x00007ffb9cfeb000 	C:\Windows\System32\sechost.dll
0x00007ffb9d250000 - 0x00007ffb9d373000 	C:\Windows\System32\RPCRT4.dll
0x00007ffb9da70000 - 0x00007ffb9da78000 	C:\Windows\System32\PSAPI.DLL
0x00007ffb7e790000 - 0x00007ffb7e799000 	C:\Windows\SYSTEM32\WSOCK32.dll
0x00007ffb9da80000 - 0x00007ffb9daeb000 	C:\Windows\System32\WS2_32.dll
0x00007ffb85790000 - 0x00007ffb857b7000 	C:\Windows\SYSTEM32\WINMM.dll
0x00007ffb8e340000 - 0x00007ffb8e34a000 	C:\Windows\SYSTEM32\VERSION.dll
0x00007ffb9a610000 - 0x00007ffb9a623000 	C:\Windows\SYSTEM32\kernel.appcore.dll
0x00007ffb82f90000 - 0x00007ffb82fa1000 	C:\Users\s583467\Downloads\android-studio-2020.3.1.25-windows\android-studio\jre\bin\verify.dll
0x00007ffb972e0000 - 0x00007ffb974c4000 	C:\Windows\SYSTEM32\DBGHELP.DLL
0x00007ffb857c0000 - 0x00007ffb857ec000 	C:\Windows\SYSTEM32\dbgcore.DLL
0x00007ffb9cc50000 - 0x00007ffb9cccf000 	C:\Windows\System32\bcryptPrimitives.dll
0x00007ffb82f60000 - 0x00007ffb82f89000 	C:\Users\s583467\Downloads\android-studio-2020.3.1.25-windows\android-studio\jre\bin\java.dll
0x00007ffb91e10000 - 0x00007ffb91e1b000 	C:\Users\s583467\Downloads\android-studio-2020.3.1.25-windows\android-studio\jre\bin\jimage.dll
0x00007ffb82f40000 - 0x00007ffb82f58000 	C:\Users\s583467\Downloads\android-studio-2020.3.1.25-windows\android-studio\jre\bin\zip.dll

dbghelp: loaded successfully - version: 4.0.5 - missing functions: none
symbol engine: initialized successfully - sym options: 0x614 - pdb path: .;C:\Users\s583467\Downloads\android-studio-2020.3.1.25-windows\android-studio\jre\bin;C:\Windows\SYSTEM32;C:\Windows\WinSxS\amd64_microsoft.windows.common-controls_6595b64144ccf1df_6.0.19041.1_none_b555e41d4684ddec;C:\Users\s583467\Downloads\android-studio-2020.3.1.25-windows\android-studio\jre\bin\server

VM Arguments:
java_command: <unknown>
java_class_path (initial): <not set>
Launcher Type: SUN_STANDARD

[Global flags]
     intx CICompilerCount                          = 4                                         {product} {ergonomic}
     uint ConcGCThreads                            = 2                                         {product} {ergonomic}
     uint G1ConcRefinementThreads                  = 8                                         {product} {ergonomic}
   size_t G1HeapRegionSize                         = 1048576                                   {product} {ergonomic}
    uintx GCDrainStackTargetSize                   = 64                                        {product} {ergonomic}
   size_t InitialHeapSize                          = 132120576                                 {product} {ergonomic}
   size_t MarkStackSize                            = 4194304                                   {product} {ergonomic}
   size_t MaxHeapSize                              = 2084569088                                {product} {ergonomic}
   size_t MinHeapDeltaBytes                        = 1048576                                   {product} {ergonomic}
    uintx NonNMethodCodeHeapSize                   = 5836300                                {pd product} {ergonomic}
    uintx NonProfiledCodeHeapSize                  = 122910970                              {pd product} {ergonomic}
    uintx ProfiledCodeHeapSize                     = 122910970                              {pd product} {ergonomic}
    uintx ReservedCodeCacheSize                    = 251658240                              {pd product} {ergonomic}
     bool SegmentedCodeCache                       = true                                      {product} {ergonomic}
     bool UseCompressedClassPointers               = true                                 {lp64_product} {ergonomic}
     bool UseCompressedOops                        = true                                 {lp64_product} {ergonomic}
     bool UseG1GC                                  = true                                      {product} {ergonomic}
     bool UseLargePagesIndividualAllocation        = false                                  {pd product} {ergonomic}

Logging:
Log output configuration:
 #0: stdout all=warning uptime,level,tags
 #1: stderr all=off uptime,level,tags

Environment Variables:
PATH=C:\Program Files\Python38\Scripts\;C:\Program Files\Python38\;C:\Program Files (x86)\Common Files\Oracle\Java\javapath;C:\Windows\system32;C:\Windows;C:\Windows\System32\Wbem;C:\Windows\System32\WindowsPowerShell\v1.0\;C:\Windows\System32\OpenSSH\;C:\Program Files (x86)\NVIDIA Corporation\PhysX\Common;C:\Program Files\NVIDIA Corporation\NVIDIA NvDLISR;C:\Program Files\PuTTY\;C:\Users\s583467\AppData\Roaming\ActiveState\bin;C:\Users\s583467\AppData\Local\activestate\bin;C:\Users\s583467\AppData\Local\Microsoft\WindowsApps;C:\Users\s583467\AppData\Local\Programs\Microsoft VS Code\bin;C:\Users\s583467\AppData\Local\atom\bin;C:\Users\s583467\AppData\Local\JetBrains\PyCharm Community Edition 2020.3.3\bin;C:\Users\s583467\AppData\Local\JetBrains\PyCharm 2020.3.3\bin;C:\Users\s583467\AppData\Local\JetBrains\IntelliJ IDEA Community Edition 2020.3.2\bin;C:\Users\s583467\AppData\Local\JetBrains\WebStorm 2021.1\bin;C:\Users\s583467\AppData\Local\JetBrains\CLion 2021.1.2\bin;C:\Users\s583467\AppData\Local\Programs\Git\cmd;C:\Users\s583467\Downloads\aspnetcore-runtime-3.1.18-win-x64;C:\flutter_windows_2.2.2-stable\flutter\bin;C:\flutter_windows_2.2.2-stable\flutter;C:\Users\s583467\AppData\Roaming\Python\Python38\Scripts;C:\Users\s583467\OneDrive - Ministry of Education وزارة التربية والتعليم\Desktop\html Progect\vm;C:\node-v14.17.3-win-x64\node-v14.17.3-win-x64;C:\Users\s583467\Downloads\jdk-11.0.11_windows-x64_bin\jdk-11.0.11\bin;C:\Users\s583467\Downloads\cmake-3.22.0-rc1-windows-x86_64\bin;C:\Users\s583467\Downloads\gradle-7.2-bin\gradle-7.2\bin;C:\Users\s583467\AppData\Roaming\npm;;C:\flutter_windows_2.2.2-stable\flutter\bin\mingit\cmd
USERNAME=S583467
OS=Windows_NT
PROCESSOR_IDENTIFIER=Intel64 Family 6 Model 142 Stepping 12, GenuineIntel



---------------  S Y S T E M  ---------------

OS: Windows 10 , 64 bit Build 19041 (10.0.19041.292)
OS uptime: 1 days 3:22 hours

CPU:total 8 (initial active 8) (4 cores per cpu, 2 threads per core) family 6 model 142 stepping 12 microcode 0xbe, cmov, cx8, fxsr, mmx, sse, sse2, sse3, ssse3, sse4.1, sse4.2, popcnt, avx, avx2, aes, clmul, erms, 3dnowpref, lzcnt, ht, tsc, tscinvbit, bmi1, bmi2, adx, fma

Memory: 4k page, system-wide physical 7948M (575M free)
TotalPageFile size 13250M (AvailPageFile size 111M)
current process WorkingSet (physical memory assigned to process): 10M, peak: 10M
current process commit charge ("private bytes"): 60M, peak: 185M

vm_info: OpenJDK 64-Bit Server VM (11.0.10+0-b96-7249189) for windows-amd64 JRE (11.0.10+0-b96-7249189), built on Mar 31 2021 21:44:00 by "builder" with MS VC++ 14.0 (VS2015)

END.
