#
# There is insufficient memory for the Java Runtime Environment to continue.
# Native memory allocation (malloc) failed to allocate 32744 bytes for ChunkPool::allocate
# Possible reasons:
#   The system is out of physical RAM or swap space
#   The process is running with CompressedOops enabled, and the Java Heap may be blocking the growth of the native heap
# Possible solutions:
#   Reduce memory load on the system
#   Increase physical memory or swap space
#   Check if swap backing store is full
#   Decrease Java heap size (-Xmx/-Xms)
#   Decrease number of Java threads
#   Decrease Java thread stack sizes (-Xss)
#   Set larger code cache with -XX:ReservedCodeCacheSize=
#   JVM is running with Unscaled Compressed Oops mode in which the Java heap is
#     placed in the first 4GB address space. The Java Heap base address is the
#     maximum limit for the native heap growth. Please use -XX:HeapBaseMinAddress
#     to set the Java Heap base and to place the Java Heap above 4GB virtual address.
# This output file may be truncated or incomplete.
#
#  Out of Memory Error (./src/hotspot/share/memory/arena.cpp:81), pid=6360, tid=12620
#
# JRE version: OpenJDK Runtime Environment (11.0.10) (build 11.0.10+0-b96-7249189)
# Java VM: OpenJDK 64-Bit Server VM (11.0.10+0-b96-7249189, mixed mode, tiered, compressed oops, g1 gc, windows-amd64)
# No core dump will be written. Minidumps are not enabled by default on client versions of Windows
#

---------------  S U M M A R Y ------------

Command Line: -Dorg.gradle.appname=gradlew org.gradle.wrapper.GradleWrapperMain -q -Ptarget-platform=android-arm,android-arm64,android-x64 -Ptarget=lib\main.dart -Pdart-obfuscation=false -Ptrack-widget-creation=true -Ptree-shake-icons=true assembleRelease

Host: Intel(R) Core(TM) i5-10210U CPU @ 1.60GHz, 8 cores, 7G,  Windows 10 , 64 bit Build 19041 (10.0.19041.292)
Time: Thu Oct 28 11:29:21 2021 Arabian Standard Time elapsed time: 0.949164 seconds (0d 0h 0m 0s)

---------------  T H R E A D  ---------------

Current thread (0x00000246cb520000):  JavaThread "C1 CompilerThread0" daemon [_thread_in_native, id=12620, stack(0x0000009111a00000,0x0000009111b00000)]


Current CompileTask:
C1:    949  667       3       jdk.internal.org.objectweb.asm.Frame::execute (2264 bytes)

Stack: [0x0000009111a00000,0x0000009111b00000]
Native frames: (J=compiled Java code, j=interpreted, Vv=VM code, C=native code)
V  [jvm.dll+0x5ecfaa]
V  [jvm.dll+0x722bd5]
V  [jvm.dll+0x72412d]
V  [jvm.dll+0x7247e3]
V  [jvm.dll+0x242928]
V  [jvm.dll+0xbc75b]
V  [jvm.dll+0xbca0c]
V  [jvm.dll+0x14da50]
V  [jvm.dll+0x15198f]
V  [jvm.dll+0x14e69e]
V  [jvm.dll+0x13ac30]
V  [jvm.dll+0x1236e0]
V  [jvm.dll+0x123279]
V  [jvm.dll+0x1233e3]
V  [jvm.dll+0x1226f7]
V  [jvm.dll+0x1242c7]
V  [jvm.dll+0x208ee7]
V  [jvm.dll+0x207731]
V  [jvm.dll+0x6eb1cf]
V  [jvm.dll+0x6e3d45]
V  [jvm.dll+0x5ebe96]
C  [ucrtbase.dll+0x21542]
C  [KERNEL32.DLL+0x16fd4]
C  [ntdll.dll+0x4cec1]


---------------  P R O C E S S  ---------------

Threads class SMR info:
_java_thread_list=0x00000246cbfcf2a0, length=10, elements={
0x00000246b12a4000, 0x00000246cb4fe000, 0x00000246cb509000, 0x00000246cbe77800,
0x00000246cbe7a000, 0x00000246cbe7b000, 0x00000246cbe82800, 0x00000246cb520000,
0x00000246cb524000, 0x00000246cbfd6000
}

Java Threads: ( => current thread )
  0x00000246b12a4000 JavaThread "main" [_thread_in_vm, id=14732, stack(0x0000009110d00000,0x0000009110e00000)]
  0x00000246cb4fe000 JavaThread "Reference Handler" daemon [_thread_blocked, id=10888, stack(0x0000009111400000,0x0000009111500000)]
  0x00000246cb509000 JavaThread "Finalizer" daemon [_thread_blocked, id=6440, stack(0x0000009111500000,0x0000009111600000)]
  0x00000246cbe77800 JavaThread "Signal Dispatcher" daemon [_thread_blocked, id=11012, stack(0x0000009111600000,0x0000009111700000)]
  0x00000246cbe7a000 JavaThread "Attach Listener" daemon [_thread_blocked, id=11956, stack(0x0000009111700000,0x0000009111800000)]
  0x00000246cbe7b000 JavaThread "Service Thread" daemon [_thread_blocked, id=1988, stack(0x0000009111800000,0x0000009111900000)]
  0x00000246cbe82800 JavaThread "C2 CompilerThread0" daemon [_thread_in_native, id=15476, stack(0x0000009111900000,0x0000009111a00000)]
=>0x00000246cb520000 JavaThread "C1 CompilerThread0" daemon [_thread_in_native, id=12620, stack(0x0000009111a00000,0x0000009111b00000)]
  0x00000246cb524000 JavaThread "Sweeper thread" daemon [_thread_blocked, id=15224, stack(0x0000009111b00000,0x0000009111c00000)]
  0x00000246cbfd6000 JavaThread "Common-Cleaner" daemon [_thread_blocked, id=12188, stack(0x0000009111d00000,0x0000009111e00000)]

Other Threads:
  0x00000246cb4db000 VMThread "VM Thread" [stack: 0x0000009111300000,0x0000009111400000] [id=12684]
  0x00000246cbfd2000 WatcherThread [stack: 0x0000009111c00000,0x0000009111d00000] [id=16648]
  0x00000246b12b9800 GCTaskThread "GC Thread#0" [stack: 0x0000009110e00000,0x0000009110f00000] [id=19252]
  0x00000246b12ec000 ConcurrentGCThread "G1 Main Marker" [stack: 0x0000009110f00000,0x0000009111000000] [id=17332]
  0x00000246b12ed800 ConcurrentGCThread "G1 Conc#0" [stack: 0x0000009111000000,0x0000009111100000] [id=6848]
  0x00000246cb340800 ConcurrentGCThread "G1 Refine#0" [stack: 0x0000009111100000,0x0000009111200000] [id=13084]
  0x00000246cb342000 ConcurrentGCThread "G1 Young RemSet Sampling" [stack: 0x0000009111200000,0x0000009111300000] [id=1236]

Threads with active compile tasks:
C2 CompilerThread0    982  685       4       java.lang.StringBuilder::append (8 bytes)
C1 CompilerThread0    982  667       3       jdk.internal.org.objectweb.asm.Frame::execute (2264 bytes)

VM state:not at safepoint (normal execution)

VM Mutex/Monitor currently owned by a thread: None

Heap address: 0x0000000083c00000, size: 1988 MB, Compressed Oops mode: 32-bit
Narrow klass base: 0x0000000000000000, Narrow klass shift: 3
Compressed class space size: 1073741824 Address: 0x0000000100000000

Heap:
 garbage-first heap   total 129024K, used 19456K [0x0000000083c00000, 0x0000000100000000)
  region size 1024K, 15 young (15360K), 0 survivors (0K)
 Metaspace       used 9430K, capacity 9633K, committed 9728K, reserved 1058816K
  class space    used 933K, capacity 996K, committed 1024K, reserved 1048576K
Heap Regions: E=young(eden), S=young(survivor), O=old, HS=humongous(starts), HC=humongous(continues), CS=collection set, F=free, A=archive, TAMS=top-at-mark-start (previous, next)
|   0|0x0000000083c00000, 0x0000000083d00000, 0x0000000083d00000|100%|HS|  |TAMS 0x0000000083c00000, 0x0000000083c00000| Complete 
|   1|0x0000000083d00000, 0x0000000083e00000, 0x0000000083e00000|100%|HC|  |TAMS 0x0000000083d00000, 0x0000000083d00000| Complete 
|   2|0x0000000083e00000, 0x0000000083f00000, 0x0000000083f00000|100%|HC|  |TAMS 0x0000000083e00000, 0x0000000083e00000| Complete 
|   3|0x0000000083f00000, 0x0000000084000000, 0x0000000084000000|100%|HS|  |TAMS 0x0000000083f00000, 0x0000000083f00000| Complete 
|   4|0x0000000084000000, 0x0000000084100000, 0x0000000084100000|100%|HC|  |TAMS 0x0000000084000000, 0x0000000084000000| Complete 
|   5|0x0000000084100000, 0x0000000084200000, 0x0000000084200000|100%|HC|  |TAMS 0x0000000084100000, 0x0000000084100000| Complete 
|   6|0x0000000084200000, 0x0000000084200000, 0x0000000084300000|  0%| F|  |TAMS 0x0000000084200000, 0x0000000084200000| Untracked 
|   7|0x0000000084300000, 0x0000000084300000, 0x0000000084400000|  0%| F|  |TAMS 0x0000000084300000, 0x0000000084300000| Untracked 
|   8|0x0000000084400000, 0x0000000084400000, 0x0000000084500000|  0%| F|  |TAMS 0x0000000084400000, 0x0000000084400000| Untracked 
|   9|0x0000000084500000, 0x0000000084500000, 0x0000000084600000|  0%| F|  |TAMS 0x0000000084500000, 0x0000000084500000| Untracked 
|  10|0x0000000084600000, 0x0000000084600000, 0x0000000084700000|  0%| F|  |TAMS 0x0000000084600000, 0x0000000084600000| Untracked 
|  11|0x0000000084700000, 0x0000000084700000, 0x0000000084800000|  0%| F|  |TAMS 0x0000000084700000, 0x0000000084700000| Untracked 
|  12|0x0000000084800000, 0x0000000084800000, 0x0000000084900000|  0%| F|  |TAMS 0x0000000084800000, 0x0000000084800000| Untracked 
|  13|0x0000000084900000, 0x0000000084900000, 0x0000000084a00000|  0%| F|  |TAMS 0x0000000084900000, 0x0000000084900000| Untracked 
|  14|0x0000000084a00000, 0x0000000084a00000, 0x0000000084b00000|  0%| F|  |TAMS 0x0000000084a00000, 0x0000000084a00000| Untracked 
|  15|0x0000000084b00000, 0x0000000084b00000, 0x0000000084c00000|  0%| F|  |TAMS 0x0000000084b00000, 0x0000000084b00000| Untracked 
|  16|0x0000000084c00000, 0x0000000084c00000, 0x0000000084d00000|  0%| F|  |TAMS 0x0000000084c00000, 0x0000000084c00000| Untracked 
|  17|0x0000000084d00000, 0x0000000084d00000, 0x0000000084e00000|  0%| F|  |TAMS 0x0000000084d00000, 0x0000000084d00000| Untracked 
|  18|0x0000000084e00000, 0x0000000084e00000, 0x0000000084f00000|  0%| F|  |TAMS 0x0000000084e00000, 0x0000000084e00000| Untracked 
|  19|0x0000000084f00000, 0x0000000084f00000, 0x0000000085000000|  0%| F|  |TAMS 0x0000000084f00000, 0x0000000084f00000| Untracked 
|  20|0x0000000085000000, 0x0000000085000000, 0x0000000085100000|  0%| F|  |TAMS 0x0000000085000000, 0x0000000085000000| Untracked 
|  21|0x0000000085100000, 0x0000000085100000, 0x0000000085200000|  0%| F|  |TAMS 0x0000000085100000, 0x0000000085100000| Untracked 
|  22|0x0000000085200000, 0x0000000085200000, 0x0000000085300000|  0%| F|  |TAMS 0x0000000085200000, 0x0000000085200000| Untracked 
|  23|0x0000000085300000, 0x0000000085300000, 0x0000000085400000|  0%| F|  |TAMS 0x0000000085300000, 0x0000000085300000| Untracked 
|  24|0x0000000085400000, 0x0000000085400000, 0x0000000085500000|  0%| F|  |TAMS 0x0000000085400000, 0x0000000085400000| Untracked 
|  25|0x0000000085500000, 0x0000000085500000, 0x0000000085600000|  0%| F|  |TAMS 0x0000000085500000, 0x0000000085500000| Untracked 
|  26|0x0000000085600000, 0x0000000085600000, 0x0000000085700000|  0%| F|  |TAMS 0x0000000085600000, 0x0000000085600000| Untracked 
|  27|0x0000000085700000, 0x0000000085700000, 0x0000000085800000|  0%| F|  |TAMS 0x0000000085700000, 0x0000000085700000| Untracked 
|  28|0x0000000085800000, 0x0000000085800000, 0x0000000085900000|  0%| F|  |TAMS 0x0000000085800000, 0x0000000085800000| Untracked 
|  29|0x0000000085900000, 0x0000000085900000, 0x0000000085a00000|  0%| F|  |TAMS 0x0000000085900000, 0x0000000085900000| Untracked 
|  30|0x0000000085a00000, 0x0000000085a00000, 0x0000000085b00000|  0%| F|  |TAMS 0x0000000085a00000, 0x0000000085a00000| Untracked 
|  31|0x0000000085b00000, 0x0000000085b00000, 0x0000000085c00000|  0%| F|  |TAMS 0x0000000085b00000, 0x0000000085b00000| Untracked 
|  32|0x0000000085c00000, 0x0000000085c00000, 0x0000000085d00000|  0%| F|  |TAMS 0x0000000085c00000, 0x0000000085c00000| Untracked 
|  33|0x0000000085d00000, 0x0000000085d00000, 0x0000000085e00000|  0%| F|  |TAMS 0x0000000085d00000, 0x0000000085d00000| Untracked 
|  34|0x0000000085e00000, 0x0000000085e00000, 0x0000000085f00000|  0%| F|  |TAMS 0x0000000085e00000, 0x0000000085e00000| Untracked 
|  35|0x0000000085f00000, 0x0000000085f00000, 0x0000000086000000|  0%| F|  |TAMS 0x0000000085f00000, 0x0000000085f00000| Untracked 
|  36|0x0000000086000000, 0x0000000086000000, 0x0000000086100000|  0%| F|  |TAMS 0x0000000086000000, 0x0000000086000000| Untracked 
|  37|0x0000000086100000, 0x0000000086100000, 0x0000000086200000|  0%| F|  |TAMS 0x0000000086100000, 0x0000000086100000| Untracked 
|  38|0x0000000086200000, 0x0000000086200000, 0x0000000086300000|  0%| F|  |TAMS 0x0000000086200000, 0x0000000086200000| Untracked 
|  39|0x0000000086300000, 0x0000000086300000, 0x0000000086400000|  0%| F|  |TAMS 0x0000000086300000, 0x0000000086300000| Untracked 
|  40|0x0000000086400000, 0x0000000086400000, 0x0000000086500000|  0%| F|  |TAMS 0x0000000086400000, 0x0000000086400000| Untracked 
|  41|0x0000000086500000, 0x0000000086500000, 0x0000000086600000|  0%| F|  |TAMS 0x0000000086500000, 0x0000000086500000| Untracked 
|  42|0x0000000086600000, 0x0000000086600000, 0x0000000086700000|  0%| F|  |TAMS 0x0000000086600000, 0x0000000086600000| Untracked 
|  43|0x0000000086700000, 0x0000000086700000, 0x0000000086800000|  0%| F|  |TAMS 0x0000000086700000, 0x0000000086700000| Untracked 
|  44|0x0000000086800000, 0x0000000086800000, 0x0000000086900000|  0%| F|  |TAMS 0x0000000086800000, 0x0000000086800000| Untracked 
|  45|0x0000000086900000, 0x0000000086900000, 0x0000000086a00000|  0%| F|  |TAMS 0x0000000086900000, 0x0000000086900000| Untracked 
|  46|0x0000000086a00000, 0x0000000086a00000, 0x0000000086b00000|  0%| F|  |TAMS 0x0000000086a00000, 0x0000000086a00000| Untracked 
|  47|0x0000000086b00000, 0x0000000086b00000, 0x0000000086c00000|  0%| F|  |TAMS 0x0000000086b00000, 0x0000000086b00000| Untracked 
|  48|0x0000000086c00000, 0x0000000086c00000, 0x0000000086d00000|  0%| F|  |TAMS 0x0000000086c00000, 0x0000000086c00000| Untracked 
|  49|0x0000000086d00000, 0x0000000086d00000, 0x0000000086e00000|  0%| F|  |TAMS 0x0000000086d00000, 0x0000000086d00000| Untracked 
|  50|0x0000000086e00000, 0x0000000086e00000, 0x0000000086f00000|  0%| F|  |TAMS 0x0000000086e00000, 0x0000000086e00000| Untracked 
|  51|0x0000000086f00000, 0x0000000086f00000, 0x0000000087000000|  0%| F|  |TAMS 0x0000000086f00000, 0x0000000086f00000| Untracked 
|  52|0x0000000087000000, 0x0000000087000000, 0x0000000087100000|  0%| F|  |TAMS 0x0000000087000000, 0x0000000087000000| Untracked 
|  53|0x0000000087100000, 0x0000000087100000, 0x0000000087200000|  0%| F|  |TAMS 0x0000000087100000, 0x0000000087100000| Untracked 
|  54|0x0000000087200000, 0x0000000087200000, 0x0000000087300000|  0%| F|  |TAMS 0x0000000087200000, 0x0000000087200000| Untracked 
|  55|0x0000000087300000, 0x0000000087300000, 0x0000000087400000|  0%| F|  |TAMS 0x0000000087300000, 0x0000000087300000| Untracked 
|  56|0x0000000087400000, 0x0000000087400000, 0x0000000087500000|  0%| F|  |TAMS 0x0000000087400000, 0x0000000087400000| Untracked 
|  57|0x0000000087500000, 0x0000000087500000, 0x0000000087600000|  0%| F|  |TAMS 0x0000000087500000, 0x0000000087500000| Untracked 
|  58|0x0000000087600000, 0x0000000087600000, 0x0000000087700000|  0%| F|  |TAMS 0x0000000087600000, 0x0000000087600000| Untracked 
|  59|0x0000000087700000, 0x0000000087700000, 0x0000000087800000|  0%| F|  |TAMS 0x0000000087700000, 0x0000000087700000| Untracked 
|  60|0x0000000087800000, 0x0000000087800000, 0x0000000087900000|  0%| F|  |TAMS 0x0000000087800000, 0x0000000087800000| Untracked 
|  61|0x0000000087900000, 0x0000000087900000, 0x0000000087a00000|  0%| F|  |TAMS 0x0000000087900000, 0x0000000087900000| Untracked 
|  62|0x0000000087a00000, 0x0000000087a00000, 0x0000000087b00000|  0%| F|  |TAMS 0x0000000087a00000, 0x0000000087a00000| Untracked 
|  63|0x0000000087b00000, 0x0000000087b00000, 0x0000000087c00000|  0%| F|  |TAMS 0x0000000087b00000, 0x0000000087b00000| Untracked 
|  64|0x0000000087c00000, 0x0000000087c00000, 0x0000000087d00000|  0%| F|  |TAMS 0x0000000087c00000, 0x0000000087c00000| Untracked 
|  65|0x0000000087d00000, 0x0000000087d00000, 0x0000000087e00000|  0%| F|  |TAMS 0x0000000087d00000, 0x0000000087d00000| Untracked 
|  66|0x0000000087e00000, 0x0000000087e00000, 0x0000000087f00000|  0%| F|  |TAMS 0x0000000087e00000, 0x0000000087e00000| Untracked 
|  67|0x0000000087f00000, 0x0000000087f00000, 0x0000000088000000|  0%| F|  |TAMS 0x0000000087f00000, 0x0000000087f00000| Untracked 
|  68|0x0000000088000000, 0x0000000088000000, 0x0000000088100000|  0%| F|  |TAMS 0x0000000088000000, 0x0000000088000000| Untracked 
|  69|0x0000000088100000, 0x0000000088100000, 0x0000000088200000|  0%| F|  |TAMS 0x0000000088100000, 0x0000000088100000| Untracked 
|  70|0x0000000088200000, 0x0000000088200000, 0x0000000088300000|  0%| F|  |TAMS 0x0000000088200000, 0x0000000088200000| Untracked 
|  71|0x0000000088300000, 0x0000000088300000, 0x0000000088400000|  0%| F|  |TAMS 0x0000000088300000, 0x0000000088300000| Untracked 
|  72|0x0000000088400000, 0x0000000088400000, 0x0000000088500000|  0%| F|  |TAMS 0x0000000088400000, 0x0000000088400000| Untracked 
|  73|0x0000000088500000, 0x0000000088500000, 0x0000000088600000|  0%| F|  |TAMS 0x0000000088500000, 0x0000000088500000| Untracked 
|  74|0x0000000088600000, 0x0000000088600000, 0x0000000088700000|  0%| F|  |TAMS 0x0000000088600000, 0x0000000088600000| Untracked 
|  75|0x0000000088700000, 0x0000000088700000, 0x0000000088800000|  0%| F|  |TAMS 0x0000000088700000, 0x0000000088700000| Untracked 
|  76|0x0000000088800000, 0x0000000088800000, 0x0000000088900000|  0%| F|  |TAMS 0x0000000088800000, 0x0000000088800000| Untracked 
|  77|0x0000000088900000, 0x0000000088900000, 0x0000000088a00000|  0%| F|  |TAMS 0x0000000088900000, 0x0000000088900000| Untracked 
|  78|0x0000000088a00000, 0x0000000088a00000, 0x0000000088b00000|  0%| F|  |TAMS 0x0000000088a00000, 0x0000000088a00000| Untracked 
|  79|0x0000000088b00000, 0x0000000088b00000, 0x0000000088c00000|  0%| F|  |TAMS 0x0000000088b00000, 0x0000000088b00000| Untracked 
|  80|0x0000000088c00000, 0x0000000088c00000, 0x0000000088d00000|  0%| F|  |TAMS 0x0000000088c00000, 0x0000000088c00000| Untracked 
|  81|0x0000000088d00000, 0x0000000088d00000, 0x0000000088e00000|  0%| F|  |TAMS 0x0000000088d00000, 0x0000000088d00000| Untracked 
|  82|0x0000000088e00000, 0x0000000088e00000, 0x0000000088f00000|  0%| F|  |TAMS 0x0000000088e00000, 0x0000000088e00000| Untracked 
|  83|0x0000000088f00000, 0x0000000088f00000, 0x0000000089000000|  0%| F|  |TAMS 0x0000000088f00000, 0x0000000088f00000| Untracked 
|  84|0x0000000089000000, 0x0000000089000000, 0x0000000089100000|  0%| F|  |TAMS 0x0000000089000000, 0x0000000089000000| Untracked 
|  85|0x0000000089100000, 0x0000000089100000, 0x0000000089200000|  0%| F|  |TAMS 0x0000000089100000, 0x0000000089100000| Untracked 
|  86|0x0000000089200000, 0x0000000089200000, 0x0000000089300000|  0%| F|  |TAMS 0x0000000089200000, 0x0000000089200000| Untracked 
|  87|0x0000000089300000, 0x0000000089300000, 0x0000000089400000|  0%| F|  |TAMS 0x0000000089300000, 0x0000000089300000| Untracked 
|  88|0x0000000089400000, 0x0000000089400000, 0x0000000089500000|  0%| F|  |TAMS 0x0000000089400000, 0x0000000089400000| Untracked 
|  89|0x0000000089500000, 0x0000000089500000, 0x0000000089600000|  0%| F|  |TAMS 0x0000000089500000, 0x0000000089500000| Untracked 
|  90|0x0000000089600000, 0x0000000089600000, 0x0000000089700000|  0%| F|  |TAMS 0x0000000089600000, 0x0000000089600000| Untracked 
|  91|0x0000000089700000, 0x0000000089700000, 0x0000000089800000|  0%| F|  |TAMS 0x0000000089700000, 0x0000000089700000| Untracked 
|  92|0x0000000089800000, 0x0000000089800000, 0x0000000089900000|  0%| F|  |TAMS 0x0000000089800000, 0x0000000089800000| Untracked 
|  93|0x0000000089900000, 0x0000000089900000, 0x0000000089a00000|  0%| F|  |TAMS 0x0000000089900000, 0x0000000089900000| Untracked 
|  94|0x0000000089a00000, 0x0000000089a00000, 0x0000000089b00000|  0%| F|  |TAMS 0x0000000089a00000, 0x0000000089a00000| Untracked 
|  95|0x0000000089b00000, 0x0000000089b00000, 0x0000000089c00000|  0%| F|  |TAMS 0x0000000089b00000, 0x0000000089b00000| Untracked 
|  96|0x0000000089c00000, 0x0000000089c00000, 0x0000000089d00000|  0%| F|  |TAMS 0x0000000089c00000, 0x0000000089c00000| Untracked 
|  97|0x0000000089d00000, 0x0000000089d00000, 0x0000000089e00000|  0%| F|  |TAMS 0x0000000089d00000, 0x0000000089d00000| Untracked 
|  98|0x0000000089e00000, 0x0000000089e00000, 0x0000000089f00000|  0%| F|  |TAMS 0x0000000089e00000, 0x0000000089e00000| Untracked 
|  99|0x0000000089f00000, 0x0000000089f00000, 0x000000008a000000|  0%| F|  |TAMS 0x0000000089f00000, 0x0000000089f00000| Untracked 
| 100|0x000000008a000000, 0x000000008a000000, 0x000000008a100000|  0%| F|  |TAMS 0x000000008a000000, 0x000000008a000000| Untracked 
| 101|0x000000008a100000, 0x000000008a100000, 0x000000008a200000|  0%| F|  |TAMS 0x000000008a100000, 0x000000008a100000| Untracked 
| 102|0x000000008a200000, 0x000000008a200000, 0x000000008a300000|  0%| F|  |TAMS 0x000000008a200000, 0x000000008a200000| Untracked 
| 103|0x000000008a300000, 0x000000008a300000, 0x000000008a400000|  0%| F|  |TAMS 0x000000008a300000, 0x000000008a300000| Untracked 
| 104|0x000000008a400000, 0x000000008a400000, 0x000000008a500000|  0%| F|  |TAMS 0x000000008a400000, 0x000000008a400000| Untracked 
| 105|0x000000008a500000, 0x000000008a500000, 0x000000008a600000|  0%| F|  |TAMS 0x000000008a500000, 0x000000008a500000| Untracked 
| 106|0x000000008a600000, 0x000000008a600000, 0x000000008a700000|  0%| F|  |TAMS 0x000000008a600000, 0x000000008a600000| Untracked 
| 107|0x000000008a700000, 0x000000008a700000, 0x000000008a800000|  0%| F|  |TAMS 0x000000008a700000, 0x000000008a700000| Untracked 
| 108|0x000000008a800000, 0x000000008a800000, 0x000000008a900000|  0%| F|  |TAMS 0x000000008a800000, 0x000000008a800000| Untracked 
| 109|0x000000008a900000, 0x000000008a900000, 0x000000008aa00000|  0%| F|  |TAMS 0x000000008a900000, 0x000000008a900000| Untracked 
| 110|0x000000008aa00000, 0x000000008aa7b8b0, 0x000000008ab00000| 48%| E|  |TAMS 0x000000008aa00000, 0x000000008aa00000| Complete 
| 111|0x000000008ab00000, 0x000000008ac00000, 0x000000008ac00000|100%| E|CS|TAMS 0x000000008ab00000, 0x000000008ab00000| Complete 
| 112|0x000000008ac00000, 0x000000008ad00000, 0x000000008ad00000|100%| E|CS|TAMS 0x000000008ac00000, 0x000000008ac00000| Complete 
| 113|0x000000008ad00000, 0x000000008ae00000, 0x000000008ae00000|100%| E|CS|TAMS 0x000000008ad00000, 0x000000008ad00000| Complete 
| 114|0x000000008ae00000, 0x000000008af00000, 0x000000008af00000|100%| E|CS|TAMS 0x000000008ae00000, 0x000000008ae00000| Complete 
| 115|0x000000008af00000, 0x000000008b000000, 0x000000008b000000|100%| E|CS|TAMS 0x000000008af00000, 0x000000008af00000| Complete 
| 116|0x000000008b000000, 0x000000008b100000, 0x000000008b100000|100%| E|CS|TAMS 0x000000008b000000, 0x000000008b000000| Complete 
| 117|0x000000008b100000, 0x000000008b200000, 0x000000008b200000|100%| E|  |TAMS 0x000000008b100000, 0x000000008b100000| Complete 
| 118|0x000000008b200000, 0x000000008b300000, 0x000000008b300000|100%| E|CS|TAMS 0x000000008b200000, 0x000000008b200000| Complete 
| 119|0x000000008b300000, 0x000000008b400000, 0x000000008b400000|100%| E|CS|TAMS 0x000000008b300000, 0x000000008b300000| Complete 
| 120|0x000000008b400000, 0x000000008b500000, 0x000000008b500000|100%| E|CS|TAMS 0x000000008b400000, 0x000000008b400000| Complete 
| 121|0x000000008b500000, 0x000000008b600000, 0x000000008b600000|100%| E|CS|TAMS 0x000000008b500000, 0x000000008b500000| Complete 
| 122|0x000000008b600000, 0x000000008b700000, 0x000000008b700000|100%| E|CS|TAMS 0x000000008b600000, 0x000000008b600000| Complete 
| 123|0x000000008b700000, 0x000000008b800000, 0x000000008b800000|100%| E|CS|TAMS 0x000000008b700000, 0x000000008b700000| Complete 
| 124|0x000000008b800000, 0x000000008b900000, 0x000000008b900000|100%| E|CS|TAMS 0x000000008b800000, 0x000000008b800000| Complete 
| 125|0x000000008b900000, 0x000000008ba00000, 0x000000008ba00000|100%| E|CS|TAMS 0x000000008b900000, 0x000000008b900000| Complete 

Card table byte_map: [0x00000246c44b0000,0x00000246c48a0000] _byte_map_base: 0x00000246c4092000

Marking Bits (Prev, Next): (CMBitMap*) 0x00000246b12e3818, (CMBitMap*) 0x00000246b12e3850
 Prev Bits: [0x00000246c4c90000, 0x00000246c6ba0000)
 Next Bits: [0x00000246c6ba0000, 0x00000246c8ab0000)

Polling page: 0x00000246af190000

Metaspace:

Usage:
  Non-class:      8.56 MB capacity,     8.40 MB ( 98%) used,   157.41 KB (  2%) free+waste,     9.31 KB ( <1%) overhead. 
      Class:      1.00 MB capacity,   947.94 KB ( 92%) used,    75.63 KB (  7%) free+waste,     4.44 KB ( <1%) overhead. 
       Both:      9.56 MB capacity,     9.32 MB ( 97%) used,   233.04 KB (  2%) free+waste,    13.75 KB ( <1%) overhead. 

Virtual space:
  Non-class space:       10.00 MB reserved,       8.75 MB ( 88%) committed 
      Class space:        1.00 GB reserved,       1.13 MB ( <1%) committed 
             Both:        1.01 GB reserved,       9.88 MB ( <1%) committed 

Chunk freelists:
   Non-Class:  3.00 KB
       Class:  28.00 KB
        Both:  31.00 KB

MaxMetaspaceSize: 17179869184.00 GB
CompressedClassSpaceSize: 1.00 GB

CodeHeap 'non-profiled nmethods': size=120000Kb used=214Kb max_used=214Kb free=119785Kb
 bounds [0x00000246bc860000, 0x00000246bcad0000, 0x00000246c3d90000]
CodeHeap 'profiled nmethods': size=120000Kb used=1045Kb max_used=1045Kb free=118954Kb
 bounds [0x00000246b5330000, 0x00000246b55a0000, 0x00000246bc860000]
CodeHeap 'non-nmethods': size=5760Kb used=1073Kb max_used=1085Kb free=4686Kb
 bounds [0x00000246b4d90000, 0x00000246b5000000, 0x00000246b5330000]
 total_blobs=1052 nmethods=674 adapters=290
 compilation: enabled
              stopped_count=0, restarted_count=0
 full_count=0

Compilation events (20 events):
Event: 0.940 Thread 0x00000246cb520000 nmethod 642 0x00000246b5432c10 code [0x00000246b5432dc0, 0x00000246b5432f18]
Event: 0.940 Thread 0x00000246cb520000  652       1       java.lang.invoke.LambdaForm$BasicType::basicTypeClass (5 bytes)
Event: 0.940 Thread 0x00000246cb520000 nmethod 652 0x00000246bc891510 code [0x00000246bc8916c0, 0x00000246bc891778]
Event: 0.940 Thread 0x00000246cb520000  656       3       java.lang.invoke.MethodType::equals (29 bytes)
Event: 0.940 Thread 0x00000246cb520000 nmethod 656 0x00000246b5432f90 code [0x00000246b5433180, 0x00000246b5433648]
Event: 0.940 Thread 0x00000246cb520000  657       3       java.lang.invoke.MethodType$ConcurrentWeakInternSet$WeakEntry::equals (49 bytes)
Event: 0.940 Thread 0x00000246cb520000 nmethod 657 0x00000246b5433790 code [0x00000246b5433980, 0x00000246b5433fc8]
Event: 0.940 Thread 0x00000246cb520000  658       3       java.lang.Byte::<init> (10 bytes)
Event: 0.940 Thread 0x00000246cb520000 nmethod 658 0x00000246b5434110 code [0x00000246b54342c0, 0x00000246b5434478]
Event: 0.941 Thread 0x00000246cb520000  660       3       java.lang.invoke.MemberName::isStatic (8 bytes)
Event: 0.941 Thread 0x00000246cb520000 nmethod 660 0x00000246b5434590 code [0x00000246b5434740, 0x00000246b54348f8]
Event: 0.941 Thread 0x00000246cb520000  662       3       java.util.ImmutableCollections$ListN::get (7 bytes)
Event: 0.941 Thread 0x00000246cb520000 nmethod 662 0x00000246b5434990 code [0x00000246b5434b40, 0x00000246b5434c78]
Event: 0.941 Thread 0x00000246cb520000  661       3       java.lang.invoke.LambdaForm$NamedFunction::methodType (23 bytes)
Event: 0.941 Thread 0x00000246cb520000 nmethod 661 0x00000246b5434d10 code [0x00000246b5434ee0, 0x00000246b5435108]
Event: 0.941 Thread 0x00000246cb520000  665       1       java.lang.invoke.LambdaForm$Name::type (5 bytes)
Event: 0.941 Thread 0x00000246cb520000 nmethod 665 0x00000246bc891c10 code [0x00000246bc891dc0, 0x00000246bc891e78]
Event: 0.941 Thread 0x00000246cb520000  664       3       java.lang.invoke.LambdaForm::parameterType (9 bytes)
Event: 0.941 Thread 0x00000246cb520000 nmethod 664 0x00000246b5435210 code [0x00000246b54353c0, 0x00000246b5435508]
Event: 0.941 Thread 0x00000246cb520000  667       3       jdk.internal.org.objectweb.asm.Frame::execute (2264 bytes)

GC Heap History (0 events):
No events

Deoptimization events (20 events):
Event: 0.840 Thread 0x00000246b12a4000 DEOPT PACKING pc=0x00000246b53d60a2 sp=0x0000009110df74e0
Event: 0.840 Thread 0x00000246b12a4000 DEOPT UNPACKING pc=0x00000246b4db76ce sp=0x0000009110df6948 mode 0
Event: 0.854 Thread 0x00000246b12a4000 DEOPT PACKING pc=0x00000246b537f2d0 sp=0x0000009110df95f0
Event: 0.854 Thread 0x00000246b12a4000 DEOPT UNPACKING pc=0x00000246b4db76ce sp=0x0000009110df8a78 mode 0
Event: 0.883 Thread 0x00000246b12a4000 Uncommon trap: trap_request=0xffffffde fr.pc=0x00000246bc8820f4 relative=0x0000000000000dd4
Event: 0.883 Thread 0x00000246b12a4000 Uncommon trap: reason=class_check action=maybe_recompile pc=0x00000246bc8820f4 method=java.util.HashMap.putVal(ILjava/lang/Object;Ljava/lang/Object;ZZ)Ljava/lang/Object; @ 91 c2
Event: 0.883 Thread 0x00000246b12a4000 DEOPT PACKING pc=0x00000246bc8820f4 sp=0x0000009110dfb5e0
Event: 0.883 Thread 0x00000246b12a4000 DEOPT UNPACKING pc=0x00000246b4db78af sp=0x0000009110dfb570 mode 2
Event: 0.884 Thread 0x00000246b12a4000 Uncommon trap: trap_request=0xffffffde fr.pc=0x00000246bc8820f4 relative=0x0000000000000dd4
Event: 0.884 Thread 0x00000246b12a4000 Uncommon trap: reason=class_check action=maybe_recompile pc=0x00000246bc8820f4 method=java.util.HashMap.putVal(ILjava/lang/Object;Ljava/lang/Object;ZZ)Ljava/lang/Object; @ 91 c2
Event: 0.884 Thread 0x00000246b12a4000 DEOPT PACKING pc=0x00000246bc8820f4 sp=0x0000009110dfb640
Event: 0.884 Thread 0x00000246b12a4000 DEOPT UNPACKING pc=0x00000246b4db78af sp=0x0000009110dfb5d0 mode 2
Event: 0.884 Thread 0x00000246b12a4000 Uncommon trap: trap_request=0xffffffde fr.pc=0x00000246bc8820f4 relative=0x0000000000000dd4
Event: 0.884 Thread 0x00000246b12a4000 Uncommon trap: reason=class_check action=maybe_recompile pc=0x00000246bc8820f4 method=java.util.HashMap.putVal(ILjava/lang/Object;Ljava/lang/Object;ZZ)Ljava/lang/Object; @ 91 c2
Event: 0.884 Thread 0x00000246b12a4000 DEOPT PACKING pc=0x00000246bc8820f4 sp=0x0000009110dfb5d0
Event: 0.884 Thread 0x00000246b12a4000 DEOPT UNPACKING pc=0x00000246b4db78af sp=0x0000009110dfb560 mode 2
Event: 0.884 Thread 0x00000246b12a4000 Uncommon trap: trap_request=0xffffffde fr.pc=0x00000246bc8820f4 relative=0x0000000000000dd4
Event: 0.884 Thread 0x00000246b12a4000 Uncommon trap: reason=class_check action=maybe_recompile pc=0x00000246bc8820f4 method=java.util.HashMap.putVal(ILjava/lang/Object;Ljava/lang/Object;ZZ)Ljava/lang/Object; @ 91 c2
Event: 0.884 Thread 0x00000246b12a4000 DEOPT PACKING pc=0x00000246bc8820f4 sp=0x0000009110dfb600
Event: 0.884 Thread 0x00000246b12a4000 DEOPT UNPACKING pc=0x00000246b4db78af sp=0x0000009110dfb590 mode 2

Classes redefined (0 events):
No events

Internal exceptions (1 events):
Event: 0.280 Thread 0x00000246b12a4000 Exception <a 'java/lang/NoSuchMethodError'{0x000000008b89ea48}: 'int java.lang.invoke.DirectMethodHandle$Holder.invokeSpecialIFC(java.lang.Object, java.lang.Object, int)'> (0x000000008b89ea48) thrown at [./src/hotspot/share/interpreter/linkResolver.cpp, line 773]

Events (20 events):
Event: 0.934 loading class java/lang/invoke/BoundMethodHandle$Species_LLL
Event: 0.934 loading class java/lang/invoke/BoundMethodHandle$Species_LLL done
Event: 0.935 loading class java/lang/invoke/BoundMethodHandle$Species_LLLL
Event: 0.935 loading class java/lang/invoke/BoundMethodHandle$Species_LLLL done
Event: 0.937 loading class java/lang/invoke/BoundMethodHandle$Species_LLLLL
Event: 0.937 loading class java/lang/invoke/BoundMethodHandle$Species_LLLLL done
Event: 0.938 loading class java/lang/invoke/BoundMethodHandle$Species_LLLLLL
Event: 0.939 loading class java/lang/invoke/BoundMethodHandle$Species_LLLLLL done
Event: 0.940 loading class java/lang/Byte$ByteCache
Event: 0.940 loading class java/lang/Byte$ByteCache done
Event: 0.940 loading class java/lang/invoke/MethodHandles$1
Event: 0.940 loading class java/lang/invoke/MethodHandles$1 done
Event: 0.940 loading class java/lang/invoke/BoundMethodHandle$Species_LLLLLLI
Event: 0.940 loading class java/lang/invoke/BoundMethodHandle$Species_LLLLLLI done
Event: 0.942 loading class sun/invoke/util/ValueConversions$WrapperCache
Event: 0.942 loading class sun/invoke/util/ValueConversions$WrapperCache done
Event: 0.942 loading class java/lang/invoke/BoundMethodHandle$Species_LLLLLLII
Event: 0.942 loading class java/lang/invoke/BoundMethodHandle$Species_LLLLLLII done
Event: 0.943 loading class java/lang/invoke/BoundMethodHandle$Species_LLLLLLIIL
Event: 0.943 loading class java/lang/invoke/BoundMethodHandle$Species_LLLLLLIIL done


Dynamic libraries:
0x00007ff60f600000 - 0x00007ff60f60a000 	C:\Users\s583467\Downloads\android-studio-2020.3.1.25-windows\android-studio\jre\bin\java.exe
0x00007ffb9eeb0000 - 0x00007ffb9f0a4000 	C:\Windows\SYSTEM32\ntdll.dll
0x00007ffb9db20000 - 0x00007ffb9dbdd000 	C:\Windows\System32\KERNEL32.DLL
0x00007ffb9c7d0000 - 0x00007ffb9ca97000 	C:\Windows\System32\KERNELBASE.dll
0x00007ffb9cb50000 - 0x00007ffb9cc50000 	C:\Windows\System32\ucrtbase.dll
0x00007ffb91e20000 - 0x00007ffb91e37000 	C:\Users\s583467\Downloads\android-studio-2020.3.1.25-windows\android-studio\jre\bin\VCRUNTIME140.dll
0x00007ffb91e40000 - 0x00007ffb91e59000 	C:\Users\s583467\Downloads\android-studio-2020.3.1.25-windows\android-studio\jre\bin\jli.dll
0x00007ffb9eb40000 - 0x00007ffb9ece0000 	C:\Windows\System32\USER32.dll
0x00007ffb85340000 - 0x00007ffb855da000 	C:\Windows\WinSxS\amd64_microsoft.windows.common-controls_6595b64144ccf1df_6.0.19041.1_none_b555e41d4684ddec\COMCTL32.dll
0x00007ffb9c710000 - 0x00007ffb9c732000 	C:\Windows\System32\win32u.dll
0x00007ffb9dda0000 - 0x00007ffb9de3e000 	C:\Windows\System32\msvcrt.dll
0x00007ffb9dd70000 - 0x00007ffb9dd9a000 	C:\Windows\System32\GDI32.dll
0x00007ffb9c600000 - 0x00007ffb9c70a000 	C:\Windows\System32\gdi32full.dll
0x00007ffb9ce30000 - 0x00007ffb9cecd000 	C:\Windows\System32\msvcp_win.dll
0x00007ffb9cf20000 - 0x00007ffb9cf50000 	C:\Windows\System32\IMM32.DLL
0x00000246af1b0000 - 0x00000246af1c3000 	C:\Windows\System32\umppc14304.dll
0x00007ffb82fb0000 - 0x00007ffb8304d000 	C:\Users\s583467\Downloads\android-studio-2020.3.1.25-windows\android-studio\jre\bin\msvcp140.dll
0x00007ffb34e20000 - 0x00007ffb358ef000 	C:\Users\s583467\Downloads\android-studio-2020.3.1.25-windows\android-studio\jre\bin\server\jvm.dll
0x00007ffb9ece0000 - 0x00007ffb9ed8a000 	C:\Windows\System32\ADVAPI32.dll
0x00007ffb9cf50000 - 0x00007ffb9cfeb000 	C:\Windows\System32\sechost.dll
0x00007ffb9d250000 - 0x00007ffb9d373000 	C:\Windows\System32\RPCRT4.dll
0x00007ffb9da70000 - 0x00007ffb9da78000 	C:\Windows\System32\PSAPI.DLL
0x00007ffb7e790000 - 0x00007ffb7e799000 	C:\Windows\SYSTEM32\WSOCK32.dll
0x00007ffb9da80000 - 0x00007ffb9daeb000 	C:\Windows\System32\WS2_32.dll
0x00007ffb85790000 - 0x00007ffb857b7000 	C:\Windows\SYSTEM32\WINMM.dll
0x00007ffb8e340000 - 0x00007ffb8e34a000 	C:\Windows\SYSTEM32\VERSION.dll
0x00007ffb9a610000 - 0x00007ffb9a623000 	C:\Windows\SYSTEM32\kernel.appcore.dll
0x00007ffb82f90000 - 0x00007ffb82fa1000 	C:\Users\s583467\Downloads\android-studio-2020.3.1.25-windows\android-studio\jre\bin\verify.dll
0x00007ffb972e0000 - 0x00007ffb974c4000 	C:\Windows\SYSTEM32\DBGHELP.DLL
0x00007ffb857c0000 - 0x00007ffb857ec000 	C:\Windows\SYSTEM32\dbgcore.DLL
0x00007ffb9cc50000 - 0x00007ffb9cccf000 	C:\Windows\System32\bcryptPrimitives.dll
0x00007ffb82f60000 - 0x00007ffb82f89000 	C:\Users\s583467\Downloads\android-studio-2020.3.1.25-windows\android-studio\jre\bin\java.dll
0x00007ffb91e10000 - 0x00007ffb91e1b000 	C:\Users\s583467\Downloads\android-studio-2020.3.1.25-windows\android-studio\jre\bin\jimage.dll
0x00007ffb82f40000 - 0x00007ffb82f58000 	C:\Users\s583467\Downloads\android-studio-2020.3.1.25-windows\android-studio\jre\bin\zip.dll
0x00007ffb9e400000 - 0x00007ffb9eb35000 	C:\Windows\System32\SHELL32.dll
0x00007ffb9a690000 - 0x00007ffb9ae1f000 	C:\Windows\SYSTEM32\windows.storage.dll
0x00007ffb9df50000 - 0x00007ffb9e2a3000 	C:\Windows\System32\combase.dll
0x00007ffb9c080000 - 0x00007ffb9c0ab000 	C:\Windows\SYSTEM32\Wldp.dll
0x00007ffb9e2c0000 - 0x00007ffb9e36e000 	C:\Windows\System32\SHCORE.dll
0x00007ffb9dd10000 - 0x00007ffb9dd65000 	C:\Windows\System32\shlwapi.dll
0x00007ffb9c540000 - 0x00007ffb9c55f000 	C:\Windows\SYSTEM32\profapi.dll
0x00007ffb82f20000 - 0x00007ffb82f3a000 	C:\Users\s583467\Downloads\android-studio-2020.3.1.25-windows\android-studio\jre\bin\net.dll
0x00007ffb9b6c0000 - 0x00007ffb9b7c0000 	C:\Windows\SYSTEM32\WINHTTP.dll
0x00007ffb9be00000 - 0x00007ffb9be6a000 	C:\Windows\system32\mswsock.dll
0x00007ffb82f00000 - 0x00007ffb82f14000 	C:\Users\s583467\Downloads\android-studio-2020.3.1.25-windows\android-studio\jre\bin\nio.dll

dbghelp: loaded successfully - version: 4.0.5 - missing functions: none
symbol engine: initialized successfully - sym options: 0x614 - pdb path: .;C:\Users\s583467\Downloads\android-studio-2020.3.1.25-windows\android-studio\jre\bin;C:\Windows\SYSTEM32;C:\Windows\WinSxS\amd64_microsoft.windows.common-controls_6595b64144ccf1df_6.0.19041.1_none_b555e41d4684ddec;C:\Users\s583467\Downloads\android-studio-2020.3.1.25-windows\android-studio\jre\bin\server

VM Arguments:
jvm_args: -Dorg.gradle.appname=gradlew 
java_command: org.gradle.wrapper.GradleWrapperMain -q -Ptarget-platform=android-arm,android-arm64,android-x64 -Ptarget=lib\main.dart -Pdart-obfuscation=false -Ptrack-widget-creation=true -Ptree-shake-icons=true assembleRelease
java_class_path (initial): C:\Users\s583467\Downloads\flutters-main\android\\gradle\wrapper\gradle-wrapper.jar
Launcher Type: SUN_STANDARD

[Global flags]
     intx CICompilerCount                          = 4                                         {product} {ergonomic}
     uint ConcGCThreads                            = 2                                         {product} {ergonomic}
     uint G1ConcRefinementThreads                  = 8                                         {product} {ergonomic}
   size_t G1HeapRegionSize                         = 1048576                                   {product} {ergonomic}
    uintx GCDrainStackTargetSize                   = 64                                        {product} {ergonomic}
   size_t InitialHeapSize                          = 132120576                                 {product} {ergonomic}
   size_t MarkStackSize                            = 4194304                                   {product} {ergonomic}
   size_t MaxHeapSize                              = 2084569088                                {product} {ergonomic}
   size_t MaxNewSize                               = 1249902592                                {product} {ergonomic}
   size_t MinHeapDeltaBytes                        = 1048576                                   {product} {ergonomic}
    uintx NonNMethodCodeHeapSize                   = 5836300                                {pd product} {ergonomic}
    uintx NonProfiledCodeHeapSize                  = 122910970                              {pd product} {ergonomic}
    uintx ProfiledCodeHeapSize                     = 122910970                              {pd product} {ergonomic}
    uintx ReservedCodeCacheSize                    = 251658240                              {pd product} {ergonomic}
     bool SegmentedCodeCache                       = true                                      {product} {ergonomic}
     bool UseCompressedClassPointers               = true                                 {lp64_product} {ergonomic}
     bool UseCompressedOops                        = true                                 {lp64_product} {ergonomic}
     bool UseG1GC                                  = true                                      {product} {ergonomic}
     bool UseLargePagesIndividualAllocation        = false                                  {pd product} {ergonomic}

Logging:
Log output configuration:
 #0: stdout all=warning uptime,level,tags
 #1: stderr all=off uptime,level,tags

Environment Variables:
JAVA_HOME=C:\Users\s583467\Downloads\android-studio-2020.3.1.25-windows\android-studio\jre
CLASSPATH=C:\Users\s583467\Downloads\flutters-main\android\\gradle\wrapper\gradle-wrapper.jar
PATH=C:\Program Files\Python38\Scripts\;C:\Program Files\Python38\;C:\Program Files (x86)\Common Files\Oracle\Java\javapath;C:\Windows\system32;C:\Windows;C:\Windows\System32\Wbem;C:\Windows\System32\WindowsPowerShell\v1.0\;C:\Windows\System32\OpenSSH\;C:\Program Files (x86)\NVIDIA Corporation\PhysX\Common;C:\Program Files\NVIDIA Corporation\NVIDIA NvDLISR;C:\Program Files\PuTTY\;C:\Users\s583467\AppData\Roaming\ActiveState\bin;C:\Users\s583467\AppData\Local\activestate\bin;C:\Users\s583467\AppData\Local\Microsoft\WindowsApps;C:\Users\s583467\AppData\Local\Programs\Microsoft VS Code\bin;C:\Users\s583467\AppData\Local\atom\bin;C:\Users\s583467\AppData\Local\JetBrains\PyCharm Community Edition 2020.3.3\bin;C:\Users\s583467\AppData\Local\JetBrains\PyCharm 2020.3.3\bin;C:\Users\s583467\AppData\Local\JetBrains\IntelliJ IDEA Community Edition 2020.3.2\bin;C:\Users\s583467\AppData\Local\JetBrains\WebStorm 2021.1\bin;C:\Users\s583467\AppData\Local\JetBrains\CLion 2021.1.2\bin;C:\Users\s583467\AppData\Local\Programs\Git\cmd;C:\Users\s583467\Downloads\aspnetcore-runtime-3.1.18-win-x64;C:\flutter_windows_2.2.2-stable\flutter\bin;C:\flutter_windows_2.2.2-stable\flutter;C:\Users\s583467\AppData\Roaming\Python\Python38\Scripts;C:\Users\s583467\OneDrive - Ministry of Education وزارة التربية والتعليم\Desktop\html Progect\vm;C:\node-v14.17.3-win-x64\node-v14.17.3-win-x64;C:\Users\s583467\Downloads\jdk-11.0.11_windows-x64_bin\jdk-11.0.11\bin;C:\Users\s583467\Downloads\cmake-3.22.0-rc1-windows-x86_64\bin;C:\Users\s583467\Downloads\gradle-7.2-bin\gradle-7.2\bin;C:\Users\s583467\AppData\Roaming\npm;;C:\flutter_windows_2.2.2-stable\flutter\bin\mingit\cmd
USERNAME=S583467
OS=Windows_NT
PROCESSOR_IDENTIFIER=Intel64 Family 6 Model 142 Stepping 12, GenuineIntel



---------------  S Y S T E M  ---------------

OS: Windows 10 , 64 bit Build 19041 (10.0.19041.292)
OS uptime: 1 days 3:17 hours

CPU:total 8 (initial active 8) (4 cores per cpu, 2 threads per core) family 6 model 142 stepping 12 microcode 0xbe, cmov, cx8, fxsr, mmx, sse, sse2, sse3, ssse3, sse4.1, sse4.2, popcnt, avx, avx2, aes, clmul, erms, 3dnowpref, lzcnt, ht, tsc, tscinvbit, bmi1, bmi2, adx, fma

Memory: 4k page, system-wide physical 7948M (520M free)
TotalPageFile size 13250M (AvailPageFile size 2M)
current process WorkingSet (physical memory assigned to process): 70M, peak: 70M
current process commit charge ("private bytes"): 216M, peak: 216M

vm_info: OpenJDK 64-Bit Server VM (11.0.10+0-b96-7249189) for windows-amd64 JRE (11.0.10+0-b96-7249189), built on Mar 31 2021 21:44:00 by "builder" with MS VC++ 14.0 (VS2015)

END.
